Arguments: 
  /home/feral/.nvm/versions/node/v9.0.0/bin/node /usr/share/yarn/bin/yarn.js install

PATH: 
  /home/feral/.gvm/bin:/home/feral/.nvm/versions/node/v9.0.0/bin:/home/feral/bin:/home/feral/.local/bin:/usr/local/sbin:/usr/local/bin:/usr/sbin:/usr/bin:/sbin:/bin:/usr/games:/usr/local/games:/usr/lib/jvm/java-8-oracle/bin:/usr/lib/jvm/java-8-oracle/db/bin:/usr/lib/jvm/java-8-oracle/jre/bin:/home/feral/Android/Sdk/tools:/home/feral/go/bin

Yarn version: 
  1.3.2

Node version: 
  9.0.0

Platform: 
  linux x64

npm manifest: 
  {
    "name": "andromedia-flower",
    "version": "1.0.0",
    "description": "metrc api library",
    "main": "index.js",
    "license": "MIT",
    "devDependencies": {
      "gts": "latest",
      "typescript": "^2.4.1"
    },
    "scripts": {
      "check": "gts check",
      "clean": "gts clean",
      "compile": "tsc -p .",
      "fix": "gts fix",
      "prepare": "npm run compile",
      "pretest": "npm run compile",
      "posttest": "npm run check",
      "test": "ava --verbose --tap | tap-nyan"
    },
    "contributors": [
      {
        "name": "Brandon Moody",
        "email": "brandon.moody@billups.co"
      }
    ],
  }

yarn manifest: 
  No manifest

Lockfile: 
  No lockfile

Trace: 
  SyntaxError: /home/feral/workspace/andromediaFlower/package.json: Unexpected token } in JSON at position 588
      at JSON.parse (<anonymous>)
      at /usr/share/yarn/lib/cli.js:770:59
      at Generator.next (<anonymous>)
      at step (/usr/share/yarn/lib/cli.js:92:30)
      at /usr/share/yarn/lib/cli.js:103:13
      at <anonymous>
